<?xml version="1.0" encoding="UTF-8"?>
<!-- Generated by org.testng.reporters.JUnitReportReporter -->
<testsuite hostname="gs-sr-02" name="com.applitrack.test.automation.tests.SearchTest" tests="1" failures="0" timestamp="2 Jun 2015 20:49:54 GMT" time="70.205" errors="0">
  <testcase name="searchTest" time="70.205" classname="com.applitrack.test.automation.tests.SearchTest"/>
</testsuite> <!-- com.applitrack.test.automation.tests.SearchTest -->
