<?xml version="1.0" encoding="UTF-8"?>
<!-- Generated by org.testng.reporters.JUnitReportReporter -->
<testsuite hostname="gs-sr-02" name="com.applitrack.test.automation.tests.LogInTest" tests="2" failures="0" timestamp="2 Jun 2015 21:02:19 GMT" time="60.773" errors="0">
  <testcase name="invalidLoginTest" time="27.616" classname="com.applitrack.test.automation.tests.LogInTest"/>
  <testcase name="sucessfullLoginTest" time="33.157" classname="com.applitrack.test.automation.tests.LogInTest"/>
</testsuite> <!-- com.applitrack.test.automation.tests.LogInTest -->
